2026-03-10 14:38:45,401 - INFO - Starting Federated Server
2026-03-10 14:38:45,403 - INFO - Starting Flower server, config: num_rounds=5, no round_timeout
2026-03-10 14:38:45,475 - INFO - Flower ECE: gRPC server running (5 rounds), SSL is disabled
2026-03-10 14:38:45,475 - INFO - [INIT]
2026-03-10 14:38:45,475 - INFO - Requesting initial parameters from one random client
2026-03-10 14:42:23,369 - INFO - Starting Federated Server
2026-03-10 14:42:23,371 - INFO - Starting Flower server, config: num_rounds=5, no round_timeout
2026-03-10 14:42:23,400 - INFO - Flower ECE: gRPC server running (5 rounds), SSL is disabled
2026-03-10 14:42:23,400 - INFO - [INIT]
2026-03-10 14:42:23,400 - INFO - Requesting initial parameters from one random client
2026-03-10 14:42:37,442 - INFO - hospital_a joined training
2026-03-10 14:42:37,442 - WARNING - DEPRECATED FEATURE: flwr.client.start_numpy_client() is deprecated. 
	Instead, use `flwr.client.start_client()` by ensuring you first call the `.to_client()` method as shown below: 
	flwr.client.start_client(
		server_address='<IP>:<PORT>',
		client=FlowerClient().to_client(), # <-- where FlowerClient is of type flwr.client.NumPyClient object
	)
	Using `start_numpy_client()` is deprecated.

            This is a deprecated feature. It will be removed
            entirely in future versions of Flower.
        
2026-03-10 14:42:37,459 - DEBUG - Opened insecure gRPC connection (no certificates were passed)
2026-03-10 14:42:37,460 - DEBUG - ChannelConnectivity.IDLE
2026-03-10 14:42:37,462 - DEBUG - ChannelConnectivity.CONNECTING
2026-03-10 14:42:37,462 - DEBUG - ChannelConnectivity.READY
2026-03-10 14:42:37,464 - INFO - 
2026-03-10 14:42:37,464 - INFO - [RUN 0, ROUND ]
2026-03-10 14:42:37,467 - INFO - Received: get_parameters message 398d15bf-365b-4a52-8bfb-5fd1ce9cb959
2026-03-10 14:42:37,486 - INFO - Sent reply
2026-03-10 14:42:37,486 - INFO - Received initial parameters from one random client
2026-03-10 14:42:37,486 - INFO - Evaluating initial global parameters
2026-03-10 14:42:37,486 - INFO - 
2026-03-10 14:42:37,486 - INFO - [ROUND 1]
2026-03-10 14:42:52,148 - INFO - hospital_b joined training
2026-03-10 14:42:52,148 - WARNING - DEPRECATED FEATURE: flwr.client.start_numpy_client() is deprecated. 
	Instead, use `flwr.client.start_client()` by ensuring you first call the `.to_client()` method as shown below: 
	flwr.client.start_client(
		server_address='<IP>:<PORT>',
		client=FlowerClient().to_client(), # <-- where FlowerClient is of type flwr.client.NumPyClient object
	)
	Using `start_numpy_client()` is deprecated.

            This is a deprecated feature. It will be removed
            entirely in future versions of Flower.
        
2026-03-10 14:42:52,161 - DEBUG - Opened insecure gRPC connection (no certificates were passed)
2026-03-10 14:42:52,162 - DEBUG - ChannelConnectivity.IDLE
2026-03-10 14:42:52,163 - DEBUG - ChannelConnectivity.CONNECTING
2026-03-10 14:42:52,164 - DEBUG - ChannelConnectivity.READY
2026-03-10 14:42:52,164 - INFO - configure_fit: strategy sampled 2 clients (out of 2)
2026-03-10 14:42:52,166 - INFO - 
2026-03-10 14:42:52,168 - INFO - [RUN 0, ROUND ]
2026-03-10 14:42:52,169 - INFO - Received: train message 68fd6acb-588c-444a-8081-a622aab874bd
2026-03-10 14:42:52,169 - INFO - 
2026-03-10 14:42:52,169 - INFO - [RUN 0, ROUND ]
2026-03-10 14:42:52,170 - INFO - Received: train message ac276ce5-35fa-4000-adbe-c6cc811c5046
2026-03-10 14:42:55,257 - INFO - Local training completed
2026-03-10 14:42:55,257 - INFO - hospital_b finished local training
2026-03-10 14:42:55,258 - INFO - Local training completed
2026-03-10 14:42:55,258 - INFO - hospital_a finished local training
2026-03-10 14:42:55,259 - INFO - Sent reply
2026-03-10 14:42:55,259 - INFO - Sent reply
2026-03-10 14:42:55,260 - INFO - aggregate_fit: received 2 results and 0 failures
2026-03-10 14:42:55,261 - INFO - Round 1 aggregation started
2026-03-10 14:42:55,263 - WARNING - No fit_metrics_aggregation_fn provided
2026-03-10 14:42:55,263 - INFO - Aggregation completed
2026-03-10 14:42:55,264 - INFO - configure_evaluate: strategy sampled 2 clients (out of 2)
2026-03-10 14:42:55,265 - INFO - 
2026-03-10 14:42:55,266 - INFO - 
2026-03-10 14:42:55,266 - INFO - [RUN 0, ROUND ]
2026-03-10 14:42:55,266 - INFO - [RUN 0, ROUND ]
2026-03-10 14:42:55,267 - INFO - Received: evaluate message 6a971198-c2ea-415a-954e-ee6151629f81
2026-03-10 14:42:55,267 - INFO - Received: evaluate message 0b4ebbd4-b814-4b87-8bec-d96828e9a18e
2026-03-10 14:42:55,269 - INFO - Sent reply
2026-03-10 14:42:55,269 - INFO - Sent reply
2026-03-10 14:42:55,270 - INFO - aggregate_evaluate: received 2 results and 0 failures
2026-03-10 14:42:55,271 - WARNING - No evaluate_metrics_aggregation_fn provided
2026-03-10 14:42:55,271 - INFO - 
2026-03-10 14:42:55,271 - INFO - [ROUND 2]
2026-03-10 14:42:55,272 - INFO - configure_fit: strategy sampled 2 clients (out of 2)
2026-03-10 14:42:55,273 - INFO - 
2026-03-10 14:42:55,274 - INFO - [RUN 0, ROUND ]
2026-03-10 14:42:55,274 - INFO - 
2026-03-10 14:42:55,274 - INFO - Received: train message eb3961ea-c367-4b07-9542-8cbc0f68b8b8
2026-03-10 14:42:55,274 - INFO - [RUN 0, ROUND ]
2026-03-10 14:42:55,275 - INFO - Received: train message 6d5af343-4922-4270-8992-6e7fe255b73a
2026-03-10 14:42:55,298 - INFO - Local training completed
2026-03-10 14:42:55,299 - INFO - hospital_b finished local training
2026-03-10 14:42:55,301 - INFO - Sent reply
2026-03-10 14:42:55,304 - INFO - Local training completed
2026-03-10 14:42:55,304 - INFO - hospital_a finished local training
2026-03-10 14:42:55,305 - INFO - Sent reply
2026-03-10 14:42:55,306 - INFO - aggregate_fit: received 2 results and 0 failures
2026-03-10 14:42:55,306 - INFO - Round 2 aggregation started
2026-03-10 14:42:55,309 - INFO - Aggregation completed
2026-03-10 14:42:55,309 - INFO - configure_evaluate: strategy sampled 2 clients (out of 2)
2026-03-10 14:42:55,311 - INFO - 
2026-03-10 14:42:55,312 - INFO - [RUN 0, ROUND ]
2026-03-10 14:42:55,312 - INFO - 
2026-03-10 14:42:55,312 - INFO - Received: evaluate message 5911e524-7a67-432b-a9da-76c8032c6141
2026-03-10 14:42:55,312 - INFO - [RUN 0, ROUND ]
2026-03-10 14:42:55,313 - INFO - Received: evaluate message 7b55992f-a947-42c8-9f54-c53391f2e176
2026-03-10 14:42:55,315 - INFO - Sent reply
2026-03-10 14:42:55,314 - INFO - Sent reply
2026-03-10 14:42:55,316 - INFO - aggregate_evaluate: received 2 results and 0 failures
2026-03-10 14:42:55,317 - INFO - 
2026-03-10 14:42:55,317 - INFO - [ROUND 3]
2026-03-10 14:42:55,317 - INFO - configure_fit: strategy sampled 2 clients (out of 2)
2026-03-10 14:42:55,319 - INFO - 
2026-03-10 14:42:55,319 - INFO - 
2026-03-10 14:42:55,320 - INFO - [RUN 0, ROUND ]
2026-03-10 14:42:55,320 - INFO - [RUN 0, ROUND ]
2026-03-10 14:42:55,320 - INFO - Received: train message cbf5f99c-b805-4a38-ba62-9c7ce5612434
2026-03-10 14:42:55,320 - INFO - Received: train message e279196b-41b3-44e5-ada1-a652ee9a3e2e
2026-03-10 14:42:55,339 - INFO - Local training completed
2026-03-10 14:42:55,340 - INFO - hospital_b finished local training
2026-03-10 14:42:55,340 - INFO - Local training completed
2026-03-10 14:42:55,340 - INFO - hospital_a finished local training
2026-03-10 14:42:55,340 - INFO - Sent reply
2026-03-10 14:42:55,340 - INFO - Sent reply
2026-03-10 14:42:55,343 - INFO - aggregate_fit: received 2 results and 0 failures
2026-03-10 14:42:55,343 - INFO - Round 3 aggregation started
2026-03-10 14:42:55,346 - INFO - Aggregation completed
2026-03-10 14:42:55,346 - INFO - configure_evaluate: strategy sampled 2 clients (out of 2)
2026-03-10 14:42:55,348 - INFO - 
2026-03-10 14:42:55,348 - INFO - 
2026-03-10 14:42:55,348 - INFO - [RUN 0, ROUND ]
2026-03-10 14:42:55,348 - INFO - [RUN 0, ROUND ]
2026-03-10 14:42:55,348 - INFO - Received: evaluate message 79158908-a932-429d-98a4-b98946966bcd
2026-03-10 14:42:55,349 - INFO - Received: evaluate message 7c100e16-8b82-4e2e-931a-6dc5f21572ca
2026-03-10 14:42:55,351 - INFO - Sent reply
2026-03-10 14:42:55,351 - INFO - Sent reply
2026-03-10 14:42:55,352 - INFO - aggregate_evaluate: received 2 results and 0 failures
2026-03-10 14:42:55,353 - INFO - 
2026-03-10 14:42:55,353 - INFO - [ROUND 4]
2026-03-10 14:42:55,353 - INFO - configure_fit: strategy sampled 2 clients (out of 2)
2026-03-10 14:42:55,355 - INFO - 
2026-03-10 14:42:55,355 - INFO - [RUN 0, ROUND ]
2026-03-10 14:42:55,356 - INFO - Received: train message 6c45b05d-4e7d-49d6-b924-8d7d9520a80b
2026-03-10 14:42:55,356 - INFO - 
2026-03-10 14:42:55,356 - INFO - [RUN 0, ROUND ]
2026-03-10 14:42:55,356 - INFO - Received: train message 1dec4b7c-2a73-4772-aa0b-54943dbe0c5b
2026-03-10 14:42:55,378 - INFO - Local training completed
2026-03-10 14:42:55,378 - INFO - hospital_b finished local training
2026-03-10 14:42:55,379 - INFO - Local training completed
2026-03-10 14:42:55,379 - INFO - hospital_a finished local training
2026-03-10 14:42:55,379 - INFO - Sent reply
2026-03-10 14:42:55,380 - INFO - Sent reply
2026-03-10 14:42:55,381 - INFO - aggregate_fit: received 2 results and 0 failures
2026-03-10 14:42:55,381 - INFO - Round 4 aggregation started
2026-03-10 14:42:55,383 - INFO - Aggregation completed
2026-03-10 14:42:55,383 - INFO - configure_evaluate: strategy sampled 2 clients (out of 2)
2026-03-10 14:42:55,385 - INFO - 
2026-03-10 14:42:55,385 - INFO - [RUN 0, ROUND ]
2026-03-10 14:42:55,385 - INFO - 
ceived: evaluate message 13e64533-6c33-4f53-81a7-59e9b4c9546e
2026-03-10 14:42:55,386 - INFO - [RUN 0, ROUND ]
2026-03-10 14:42:55,386 - INFO - Received: evaluate message aa479ceb-b1d1-4510-8832-5aeec4729fb7
2026-03-10 14:42:55,388 - INFO - Sent reply
2026-03-10 14:42:55,389 - INFO - Sent reply
2026-03-10 14:42:55,390 - INFO - aggregate_evaluate: received 2 results and 0 failures
2026-03-10 14:42:55,391 - INFO - 
2026-03-10 14:42:55,391 - INFO - [ROUND 5]
2026-03-10 14:42:55,391 - INFO - configure_fit: strategy sampled 2 clients (out of 2)
2026-03-10 14:42:55,393 - INFO - 
2026-03-10 14:42:55,394 - INFO - 
2026-03-10 14:42:55,394 - INFO - [RUN 0, ROUND ]
2026-03-10 14:42:55,394 - INFO - [RUN 0, ROUND ]
2026-03-10 14:42:55,395 - INFO - Received: train message 9833d1ed-d7b7-4694-9699-4e9b04bcb21c
2026-03-10 14:42:55,395 - INFO - Received: train message 3b962692-af4f-4c00-a6ed-bb8f25bc2016
2026-03-10 14:42:55,414 - INFO - Local training completed
2026-03-10 14:42:55,414 - INFO - hospital_a finished local training
2026-03-10 14:42:55,414 - INFO - hospital_b finished local training
2026-03-10 14:42:55,415 - INFO - Sent reply
2026-03-10 14:42:55,415 - INFO - Sent reply
2026-03-10 14:42:55,416 - INFO - aggregate_fit: received 2 results and 0 failures
2026-03-10 14:42:55,417 - INFO - Round 5 aggregation started
2026-03-10 14:42:55,419 - INFO - Aggregation completed
2026-03-10 14:42:55,419 - INFO - configure_evaluate: strategy sampled 2 clients (out of 2)
2026-03-10 14:42:55,421 - INFO - 
2026-03-10 14:42:55,421 - INFO - [RUN 0, ROUND ]
2026-03-10 14:42:55,421 - INFO - 
2026-03-10 14:42:55,421 - INFO - Received: evaluate message f8b1769b-4b5a-49a7-a3a0-1fbabae9c0e7
2026-03-10 14:42:55,421 - INFO - [RUN 0, ROUND ]
2026-03-10 14:42:55,421 - INFO - Received: evaluate message ed7cb438-a0c5-4091-b2fa-b5a4d35bd67e
2026-03-10 14:42:55,423 - INFO - Sent reply
2026-03-10 14:42:55,423 - INFO - Sent reply
2026-03-10 14:42:55,425 - INFO - aggregate_evaluate: received 2 results and 0 failures
2026-03-10 14:42:55,425 - INFO - 
2026-03-10 14:42:55,426 - INFO - [SUMMARY]
2026-03-10 14:42:55,426 - INFO - Run finished 5 rounds in 17.94s
2026-03-10 14:42:55,427 - INFO - History (loss, distributed):
2026-03-10 14:42:55,427 - INFO - 	('\tround 1: 0.0\n'
2026-03-10 14:42:55,427 - INFO - 	 '\tround 2: 0.0\n'
2026-03-10 14:42:55,427 - INFO - 	 '\tround 3: 0.0\n'
2026-03-10 14:42:55,428 - INFO - 	 '\tround 4: 0.0\n'
2026-03-10 14:42:55,428 - INFO - 	 '\tround 5: 0.0\n')
2026-03-10 14:42:55,428 - INFO - 
2026-03-10 14:42:55,430 - INFO - 
2026-03-10 14:42:55,430 - INFO - [RUN 0, ROUND ]
2026-03-10 14:42:55,430 - INFO - 
2026-03-10 14:42:55,430 - INFO - Received: reconnect message 315328ea-f5a6-4f3a-ab13-10214e114f60
2026-03-10 14:42:55,430 - INFO - Received: reconnect message 33f74ae6-15f1-4cbb-afe1-215e9b8591d1
2026-03-10 14:42:55,433 - DEBUG - gRPC channel closed
2026-03-10 14:42:55,433 - DEBUG - gRPC channel closed
2026-03-10 14:42:55,433 - INFO - Disconnect and shut down
2026-03-10 14:42:55,433 - INFO - Disconnect and shut down
2026-03-10 14:49:06,162 - INFO - Starting Federated Server
2026-03-10 14:49:06,163 - INFO - Starting Flower server, config: num_rounds=5, no round_timeout
2026-03-10 14:49:06,190 - INFO - Flower ECE: gRPC server running (5 rounds), SSL is disabled
2026-03-10 14:49:06,190 - INFO - [INIT]
2026-03-10 14:49:06,191 - INFO - Requesting initial parameters from one random client
2026-03-10 14:52:06,568 - INFO - hospital_a joined training
2026-03-10 14:52:06,568 - WARNING - DEPRECATED FEATURE: flwr.client.start_numpy_client() is deprecated. 
	Instead, use `flwr.client.start_client()` by ensuring you first call the `.to_client()` method as shown below: 
	flwr.client.start_client(
		server_address='<IP>:<PORT>',
		client=FlowerClient().to_client(), # <-- where FlowerClient is of type flwr.client.NumPyClient object
	)
	Using `start_numpy_client()` is deprecated.

            This is a deprecated feature. It will be removed
            entirely in future versions of Flower.
        
2026-03-10 14:52:06,578 - DEBUG - Opened insecure gRPC connection (no certificates were passed)
2026-03-10 14:52:06,580 - DEBUG - ChannelConnectivity.IDLE
2026-03-10 14:52:06,580 - DEBUG - ChannelConnectivity.CONNECTING
2026-03-10 14:52:06,580 - DEBUG - ChannelConnectivity.READY
2026-03-10 14:52:06,585 - INFO - 
2026-03-10 14:52:06,585 - INFO - [RUN 0, ROUND ]
2026-03-10 14:52:06,585 - INFO - Received: get_parameters message 4b1e0be3-f5c7-4546-8aea-bc4db0a3b869
2026-03-10 14:52:06,590 - INFO - Sent reply
2026-03-10 14:52:06,590 - INFO - Received initial parameters from one random client
2026-03-10 14:52:06,590 - INFO - Evaluating initial global parameters
2026-03-10 14:52:06,590 - INFO - 
2026-03-10 14:52:06,590 - INFO - [ROUND 1]
2026-03-10 14:52:11,860 - INFO - hospital_b joined training
2026-03-10 14:52:11,860 - WARNING - DEPRECATED FEATURE: flwr.client.start_numpy_client() is deprecated. 
	Instead, use `flwr.client.start_client()` by ensuring you first call the `.to_client()` method as shown below: 
	flwr.client.start_client(
		server_address='<IP>:<PORT>',
		client=FlowerClient().to_client(), # <-- where FlowerClient is of type flwr.client.NumPyClient object
	)
	Using `start_numpy_client()` is deprecated.

            This is a deprecated feature. It will be removed
            entirely in future versions of Flower.
        
2026-03-10 14:52:11,872 - DEBUG - Opened insecure gRPC connection (no certificates were passed)
2026-03-10 14:52:11,873 - DEBUG - ChannelConnectivity.IDLE
2026-03-10 14:52:11,875 - DEBUG - ChannelConnectivity.CONNECTING
2026-03-10 14:52:11,875 - DEBUG - ChannelConnectivity.READY
2026-03-10 14:52:11,875 - INFO - configure_fit: strategy sampled 2 clients (out of 2)
2026-03-10 14:52:11,878 - INFO - 
2026-03-10 14:52:11,878 - INFO - [RUN 0, ROUND ]
2026-03-10 14:52:11,878 - INFO - Received: train message b135cfe0-2b1b-4366-b9da-364ed298e9b2
2026-03-10 14:52:11,879 - INFO - 
2026-03-10 14:52:11,879 - INFO - [RUN 0, ROUND ]
2026-03-10 14:52:11,879 - INFO - Received: train message 4a3b369b-9a0c-4760-b55d-35ebaf7f598d
2026-03-10 14:52:13,944 - INFO - Local training completed
2026-03-10 14:52:13,944 - INFO - hospital_b finished local training
2026-03-10 14:52:13,944 - INFO - Local training completed
2026-03-10 14:52:13,944 - INFO - hospital_a finished local training
2026-03-10 14:52:13,944 - INFO - Sent reply
2026-03-10 14:52:13,946 - INFO - Sent reply
2026-03-10 14:52:13,946 - INFO - aggregate_fit: received 2 results and 0 failures
2026-03-10 14:52:13,948 - INFO - Round 1 aggregation started
2026-03-10 14:52:13,950 - WARNING - No fit_metrics_aggregation_fn provided
2026-03-10 14:52:13,950 - INFO - Aggregation completed
2026-03-10 14:52:13,950 - INFO - configure_evaluate: strategy sampled 2 clients (out of 2)
2026-03-10 14:52:13,954 - INFO - 
2026-03-10 14:52:13,954 - INFO - [RUN 0, ROUND ]
2026-03-10 14:52:13,954 - INFO - 
2026-03-10 14:52:13,954 - INFO - [RUN 0, ROUND ]
e message 00fde502-e467-4f73-ad7c-3854e4f9b6bc
2026-03-10 14:52:13,954 - INFO - Received: evaluate message 93ec50d9-bd23-40f2-9250-56bd0a3f053a
2026-03-10 14:52:14,016 - INFO - Sent reply
2026-03-10 14:52:14,018 - INFO - Sent reply
2026-03-10 14:52:14,018 - INFO - aggregate_evaluate: received 2 results and 0 failures
2026-03-10 14:52:14,018 - WARNING - No evaluate_metrics_aggregation_fn provided
2026-03-10 14:52:14,018 - INFO - 
2026-03-10 14:52:14,020 - INFO - [ROUND 2]
2026-03-10 14:52:14,020 - INFO - configure_fit: strategy sampled 2 clients (out of 2)
2026-03-10 14:52:14,020 - INFO - 
2026-03-10 14:52:14,022 - INFO - 
2026-03-10 14:52:14,022 - INFO - [RUN 0, ROUND ]
2026-03-10 14:52:14,022 - INFO - [RUN 0, ROUND ]
2026-03-10 14:52:14,022 - INFO - Received: train message 03fea6e9-fb11-44e6-bfb2-9d544097f001
2026-03-10 14:52:14,022 - INFO - Received: train message 2e79cec0-9330-47f1-b10b-3f774ebe72c4
2026-03-10 14:52:14,042 - INFO - Local training completed
2026-03-10 14:52:14,042 - INFO - hospital_a finished local training
2026-03-10 14:52:14,044 - INFO - Sent reply
2026-03-10 14:52:14,044 - INFO - Sent reply
2026-03-10 14:52:14,046 - INFO - aggregate_fit: received 2 results and 0 failures
2026-03-10 14:52:14,046 - INFO - Round 2 aggregation started
2026-03-10 14:52:14,048 - INFO - Aggregation completed
2026-03-10 14:52:14,048 - INFO - configure_evaluate: strategy sampled 2 clients (out of 2)
2026-03-10 14:52:14,050 - INFO - 
2026-03-10 14:52:14,051 - INFO - [RUN 0, ROUND ]
2026-03-10 14:52:14,051 - INFO - Received: evaluate message a8e2c44f-f56c-49db-ae23-ce4b87d4b92c
2026-03-10 14:52:14,051 - INFO - 
2026-03-10 14:52:14,052 - INFO - [RUN 0, ROUND ]
2026-03-10 14:52:14,053 - INFO - Received: evaluate message 676699ee-265f-4f05-9fb4-757d0368802c
2026-03-10 14:52:14,061 - INFO - Sent reply
2026-03-10 14:52:14,064 - INFO - Sent reply
2026-03-10 14:52:14,065 - INFO - aggregate_evaluate: received 2 results and 0 failures
2026-03-10 14:52:14,065 - INFO - 
2026-03-10 14:52:14,065 - INFO - [ROUND 3]
2026-03-10 14:52:14,065 - INFO - configure_fit: strategy sampled 2 clients (out of 2)
2026-03-10 14:52:14,067 - INFO - 
2026-03-10 14:52:14,067 - INFO - 
2026-03-10 14:52:14,067 - INFO - [RUN 0, ROUND ]
2026-03-10 14:52:14,069 - INFO - [RUN 0, ROUND ]
2026-03-10 14:52:14,069 - INFO - Received: train message 6bead918-c6d8-4246-8502-883ef645c32f
2026-03-10 14:52:14,069 - INFO - Received: train message 87c93fb6-177a-49c0-8698-5f9fcd37f4e7
2026-03-10 14:52:14,092 - INFO - Local training completed
2026-03-10 14:52:14,092 - INFO - hospital_a finished local training
2026-03-10 14:52:14,092 - INFO - Local training completed
2026-03-10 14:52:14,092 - INFO - hospital_b finished local training
2026-03-10 14:52:14,092 - INFO - Sent reply
2026-03-10 14:52:14,092 - INFO - Sent reply
2026-03-10 14:52:14,094 - INFO - aggregate_fit: received 2 results and 0 failures
2026-03-10 14:52:14,094 - INFO - Round 3 aggregation started
2026-03-10 14:52:14,096 - INFO - Aggregation completed
2026-03-10 14:52:14,096 - INFO - configure_evaluate: strategy sampled 2 clients (out of 2)
2026-03-10 14:52:14,100 - INFO - 
2026-03-10 14:52:14,100 - INFO - 
2026-03-10 14:52:14,100 - INFO - [RUN 0, ROUND ]
2026-03-10 14:52:14,100 - INFO - [RUN 0, ROUND ]
2026-03-10 14:52:14,100 - INFO - Received: evaluate message 452b6612-2faf-4617-8cd5-3a65d11c31da
2026-03-10 14:52:14,100 - INFO - Received: evaluate message 72a4f2be-89ca-409c-8909-7f716ff2e390
2026-03-10 14:52:14,110 - INFO - Sent reply
2026-03-10 14:52:14,110 - INFO - Sent reply
2026-03-10 14:52:14,113 - INFO - aggregate_evaluate: received 2 results and 0 failures
2026-03-10 14:52:14,113 - INFO - 
2026-03-10 14:52:14,114 - INFO - [ROUND 4]
2026-03-10 14:52:14,114 - INFO - configure_fit: strategy sampled 2 clients (out of 2)
2026-03-10 14:52:14,116 - INFO - 
2026-03-10 14:52:14,116 - INFO - 
2026-03-10 14:52:14,117 - INFO - [RUN 0, ROUND ]
2026-03-10 14:52:14,117 - INFO - Received: train message 79cbbc70-f590-42e2-ba6d-efc7f5715cab
2026-03-10 14:52:14,117 - INFO - Received: train message 5f37fb11-8b92-4e30-8636-fb48c34f590b
2026-03-10 14:52:14,133 - INFO - Local training completed
2026-03-10 14:52:14,133 - INFO - hospital_b finished local training
2026-03-10 14:52:14,135 - INFO - Sent reply
2026-03-10 14:52:14,137 - INFO - Local training completed
2026-03-10 14:52:14,137 - INFO - hospital_a finished local training
2026-03-10 14:52:14,137 - INFO - Sent reply
2026-03-10 14:52:14,139 - INFO - aggregate_fit: received 2 results and 0 failures
2026-03-10 14:52:14,139 - INFO - Round 4 aggregation started
2026-03-10 14:52:14,140 - INFO - Aggregation completed
2026-03-10 14:52:14,140 - INFO - configure_evaluate: strategy sampled 2 clients (out of 2)
2026-03-10 14:52:14,142 - INFO - 
2026-03-10 14:52:14,142 - INFO - [RUN 0, ROUND ]
2026-03-10 14:52:14,142 - INFO - 
2026-03-10 14:52:14,142 - INFO - Received: evaluate message 9db9481b-6469-4061-a065-eb7b9e4a99b7
2026-03-10 14:52:14,144 - INFO - [RUN 0, ROUND ]
2026-03-10 14:52:14,144 - INFO - Received: evaluate message b007140c-8c67-4f6b-922f-3a035a776d80
2026-03-10 14:52:14,150 - INFO - Sent reply
2026-03-10 14:52:14,150 - INFO - Sent reply
2026-03-10 14:52:14,152 - INFO - aggregate_evaluate: received 2 results and 0 failures
2026-03-10 14:52:14,152 - INFO - 
2026-03-10 14:52:14,155 - INFO - [ROUND 5]
2026-03-10 14:52:14,155 - INFO - configure_fit: strategy sampled 2 clients (out of 2)
2026-03-10 14:52:14,155 - INFO - 
2026-03-10 14:52:14,155 - INFO - [RUN 0, ROUND ]
2026-03-10 14:52:14,155 - INFO - 
2026-03-10 14:52:14,157 - INFO - Received: train message dffa3409-f22a-444c-a604-8c638733dce1
2026-03-10 14:52:14,157 - INFO - [RUN 0, ROUND ]
2026-03-10 14:52:14,157 - INFO - Received: train message 28cb9879-1c78-4557-8c30-e12c53e2ee0a
2026-03-10 14:52:14,173 - INFO - Local training completed
2026-03-10 14:52:14,173 - INFO - hospital_b finished local training
2026-03-10 14:52:14,173 - INFO - Local training completed
2026-03-10 14:52:14,173 - INFO - hospital_a finished local training
2026-03-10 14:52:14,175 - INFO - Sent reply
2026-03-10 14:52:14,175 - INFO - Sent reply
2026-03-10 14:52:14,176 - INFO - aggregate_fit: received 2 results and 0 failures
2026-03-10 14:52:14,176 - INFO - Round 5 aggregation started
2026-03-10 14:52:14,178 - INFO - Aggregation completed
2026-03-10 14:52:14,178 - INFO - configure_evaluate: strategy sampled 2 clients (out of 2)
2026-03-10 14:52:14,180 - INFO - 
2026-03-10 14:52:14,180 - INFO - [RUN 0, ROUND ]
2026-03-10 14:52:14,180 - INFO - 
2026-03-10 14:52:14,180 - INFO - Received: evaluate message c1f75a40-40ab-4ca1-b84b-08a61732aa6d
2026-03-10 14:52:14,180 - INFO - [RUN 0, ROUND ]
2026-03-10 14:52:14,181 - INFO - Received: evaluate message 989c0e6b-1c28-4a12-a26a-33da5b993d5f
2026-03-10 14:52:14,189 - INFO - Sent reply
2026-03-10 14:52:14,189 - INFO - Sent reply
2026-03-10 14:52:14,189 - INFO - aggregate_evaluate: received 2 results and 0 failures
2026-03-10 14:52:14,189 - INFO - 
2026-03-10 14:52:14,192 - INFO - [SUMMARY]
2026-03-10 14:52:14,192 - INFO - Run finished 5 rounds in 7.60s
2026-03-10 14:52:14,192 - INFO - History (loss, distributed):
2026-03-10 14:52:14,192 - INFO - 	('\tround 1: 1.6722874319955203\n'
2026-03-10 14:52:14,192 - INFO - 	 '\tround 2: 0.4222546474317486\n'
2026-03-10 14:52:14,192 - INFO - 	 '\tround 3: 0.4059276972593886\n'
2026-03-10 14:52:14,193 - INFO - 	 '\tround 4: 0.3383349009444205\n'
2026-03-10 14:52:14,193 - INFO - 	 '\tround 5: 0.5005151261104627\n')
2026-03-10 14:52:14,193 - INFO - 
2026-03-10 14:52:14,193 - INFO - 
2026-03-10 14:52:14,195 - INFO - [RUN 0, ROUND ]
2026-03-10 14:52:14,195 - INFO - 
2026-03-10 14:52:14,196 - INFO - Received: reconnect message fb67f5ff-50c4-4673-82c0-fb1bf6106ce5
2026-03-10 14:52:14,196 - INFO - [RUN 0, ROUND ]
2026-03-10 14:52:14,196 - INFO - Received: reconnect message 268e47b3-7338-4696-a13f-d27ca552d061
2026-03-10 14:52:14,198 - DEBUG - gRPC channel closed
2026-03-10 14:52:14,198 - DEBUG - gRPC channel closed
2026-03-10 14:52:14,198 - INFO - Disconnect and shut down
2026-03-10 14:52:14,198 - INFO - Disconnect and shut down
2026-03-10 16:03:01,201 - INFO - Starting Federated Server
2026-03-10 16:03:01,202 - INFO - Starting Flower server, config: num_rounds=5, no round_timeout
2026-03-10 16:03:01,225 - INFO - Flower ECE: gRPC server running (5 rounds), SSL is disabled
2026-03-10 16:03:01,226 - INFO - [INIT]
2026-03-10 16:03:01,226 - INFO - Requesting initial parameters from one random client
2026-03-10 16:04:31,760 - INFO - hospital_a joined training
2026-03-10 16:04:31,760 - WARNING - DEPRECATED FEATURE: flwr.client.start_numpy_client() is deprecated. 
	Instead, use `flwr.client.start_client()` by ensuring you first call the `.to_client()` method as shown below: 
	flwr.client.start_client(
		server_address='<IP>:<PORT>',
		client=FlowerClient().to_client(), # <-- where FlowerClient is of type flwr.client.NumPyClient object
	)
	Using `start_numpy_client()` is deprecated.

            This is a deprecated feature. It will be removed
            entirely in future versions of Flower.
        
2026-03-10 16:04:31,778 - DEBUG - Opened insecure gRPC connection (no certificates were passed)
2026-03-10 16:04:31,783 - DEBUG - ChannelConnectivity.IDLE
2026-03-10 16:04:31,797 - DEBUG - ChannelConnectivity.CONNECTING
2026-03-10 16:04:31,801 - DEBUG - ChannelConnectivity.READY
2026-03-10 16:04:31,804 - INFO - 
2026-03-10 16:04:31,804 - INFO - [RUN 0, ROUND ]
2026-03-10 16:04:31,804 - INFO - Received: get_parameters message f7842e6a-60ba-4cd5-aefe-10b9cf8fa264
2026-03-10 16:04:31,808 - INFO - Sent reply
2026-03-10 16:04:31,809 - INFO - Received initial parameters from one random client
2026-03-10 16:04:31,809 - INFO - Evaluating initial global parameters
2026-03-10 16:04:31,809 - INFO - 
2026-03-10 16:04:31,809 - INFO - [ROUND 1]
2026-03-10 16:04:45,111 - INFO - hospital_b joined training
2026-03-10 16:04:45,112 - WARNING - DEPRECATED FEATURE: flwr.client.start_numpy_client() is deprecated. 
	Instead, use `flwr.client.start_client()` by ensuring you first call the `.to_client()` method as shown below: 
	flwr.client.start_client(
		server_address='<IP>:<PORT>',
		client=FlowerClient().to_client(), # <-- where FlowerClient is of type flwr.client.NumPyClient object
	)
	Using `start_numpy_client()` is deprecated.

            This is a deprecated feature. It will be removed
            entirely in future versions of Flower.
        
2026-03-10 16:04:45,119 - DEBUG - Opened insecure gRPC connection (no certificates were passed)
2026-03-10 16:04:45,121 - DEBUG - ChannelConnectivity.IDLE
2026-03-10 16:04:45,122 - DEBUG - ChannelConnectivity.CONNECTING
2026-03-10 16:04:45,122 - DEBUG - ChannelConnectivity.READY
2026-03-10 16:04:45,123 - INFO - configure_fit: strategy sampled 2 clients (out of 2)
2026-03-10 16:04:45,124 - INFO - 
2026-03-10 16:04:45,124 - INFO - [RUN 0, ROUND ]
2026-03-10 16:04:45,124 - INFO - 
2026-03-10 16:04:45,124 - INFO - Received: train message e73bdff0-fb59-4925-996f-fe2bff9ac702
2026-03-10 16:04:45,124 - INFO - [RUN 0, ROUND ]
2026-03-10 16:04:45,126 - INFO - Received: train message 30e099e7-6219-490b-905e-220cde352581
2026-03-10 16:04:47,193 - INFO - Local training completed
2026-03-10 16:04:47,193 - INFO - Local training completed
2026-03-10 16:04:47,217 - INFO - hospital_a finished local training
2026-03-10 16:04:47,219 - INFO - Sent reply
2026-03-10 16:04:47,219 - INFO - Sent reply
2026-03-10 16:04:47,221 - INFO - aggregate_fit: received 2 results and 0 failures
2026-03-10 16:04:47,221 - INFO - Round 1 aggregation started
2026-03-10 16:04:47,223 - WARNING - No fit_metrics_aggregation_fn provided
2026-03-10 16:04:47,223 - INFO - Aggregation completed
2026-03-10 16:04:47,223 - INFO - configure_evaluate: strategy sampled 2 clients (out of 2)
2026-03-10 16:04:47,226 - INFO - 
2026-03-10 16:04:47,227 - INFO - [RUN 0, ROUND ]
2026-03-10 16:04:47,227 - INFO - Received: evaluate message 091a8e49-6acc-4d44-8b80-ca1c34dce3e3
2026-03-10 16:04:47,227 - INFO - 
2026-03-10 16:04:47,227 - INFO - [RUN 0, ROUND ]
2026-03-10 16:04:47,227 - INFO - Received: evaluate message 492ff436-cb22-4d4b-bf87-c19c972a1ab5
2026-03-10 16:04:47,246 - INFO - Sent reply
2026-03-10 16:04:47,246 - INFO - Sent reply
2026-03-10 16:04:47,247 - INFO - aggregate_evaluate: received 2 results and 0 failures
2026-03-10 16:04:47,248 - WARNING - No evaluate_metrics_aggregation_fn provided
2026-03-10 16:04:47,248 - INFO - 
2026-03-10 16:04:47,248 - INFO - [ROUND 2]
2026-03-10 16:04:47,248 - INFO - configure_fit: strategy sampled 2 clients (out of 2)
2026-03-10 16:04:47,250 - INFO - 
2026-03-10 16:04:47,250 - INFO - [RUN 0, ROUND ]
2026-03-10 16:04:47,250 - INFO - 
2026-03-10 16:04:47,250 - INFO - Received: train message 4df57958-2374-458d-ab48-17ad38eee1fd
2026-03-10 16:04:47,250 - INFO - [RUN 0, ROUND ]
2026-03-10 16:04:47,250 - INFO - Received: train message 37d009bb-f478-4e79-a11b-9f3cb9e1a6cf
2026-03-10 16:04:47,270 - INFO - Local training completed
2026-03-10 16:04:47,272 - INFO - hospital_b finished local training
2026-03-10 16:04:47,274 - INFO - Sent reply
2026-03-10 16:04:47,281 - INFO - Local training completed
2026-03-10 16:04:47,283 - INFO - hospital_a finished local training
2026-03-10 16:04:47,284 - INFO - Sent reply
2026-03-10 16:04:47,285 - INFO - aggregate_fit: received 2 results and 0 failures
2026-03-10 16:04:47,286 - INFO - Round 2 aggregation started
2026-03-10 16:04:47,289 - INFO - Aggregation completed
2026-03-10 16:04:47,289 - INFO - configure_evaluate: strategy sampled 2 clients (out of 2)
2026-03-10 16:04:47,292 - INFO - 
2026-03-10 16:04:47,293 - INFO - 
2026-03-10 16:04:47,293 - INFO - [RUN 0, ROUND ]
2026-03-10 16:04:47,293 - INFO - [RUN 0, ROUND ]
2026-03-10 16:04:47,293 - INFO - Received: evaluate message efc27f73-1929-4cfe-b7cd-b66654d5f6a6
2026-03-10 16:04:47,293 - INFO - Received: evaluate message 9351a051-fa04-4b82-82ed-ebd545be2ee9
2026-03-10 16:04:47,302 - INFO - Sent reply
2026-03-10 16:04:47,302 - INFO - Sent reply
2026-03-10 16:04:47,302 - INFO - aggregate_evaluate: received 2 results and 0 failures
2026-03-10 16:04:47,304 - INFO - 
2026-03-10 16:04:47,304 - INFO - [ROUND 3]
2026-03-10 16:04:47,304 - INFO - configure_fit: strategy sampled 2 clients (out of 2)
2026-03-10 16:04:47,305 - INFO - 
2026-03-10 16:04:47,305 - INFO - [RUN 0, ROUND ]
2026-03-10 16:04:47,305 - INFO - 
2026-03-10 16:04:47,305 - INFO - Received: train message c6424a97-7669-4df9-af3b-b5b383e6f029
2026-03-10 16:04:47,306 - INFO - [RUN 0, ROUND ]
2026-03-10 16:04:47,306 - INFO - Received: train message b557f410-7f75-448e-b6af-0c37281a2e2c
2026-03-10 16:04:47,325 - INFO - Local training completed
2026-03-10 16:04:47,325 - INFO - Local training completed
2026-03-10 16:04:47,326 - INFO - hospital_b finished local training
2026-03-10 16:04:47,326 - INFO - hospital_a finished local training
2026-03-10 16:04:47,327 - INFO - Sent reply
2026-03-10 16:04:47,327 - INFO - Sent reply
2026-03-10 16:04:47,329 - INFO - aggregate_fit: received 2 results and 0 failures
2026-03-10 16:04:47,329 - INFO - Round 3 aggregation started
2026-03-10 16:04:47,331 - INFO - Aggregation completed
2026-03-10 16:04:47,331 - INFO - configure_evaluate: strategy sampled 2 clients (out of 2)
2026-03-10 16:04:47,332 - INFO - 
2026-03-10 16:04:47,333 - INFO - 
2026-03-10 16:04:47,333 - INFO - [RUN 0, ROUND ]
2026-03-10 16:04:47,333 - INFO - [RUN 0, ROUND ]
e message e812ebfc-a3c9-4d10-b889-f95e9eeeceb4
2026-03-10 16:04:47,334 - INFO - Received: evaluate message 3213dddd-865c-4590-92f4-eeb18363ffa4
2026-03-10 16:04:47,341 - INFO - Sent reply
2026-03-10 16:04:47,341 - INFO - Sent reply
2026-03-10 16:04:47,341 - INFO - aggregate_evaluate: received 2 results and 0 failures
2026-03-10 16:04:47,344 - INFO - 
2026-03-10 16:04:47,344 - INFO - [ROUND 4]
2026-03-10 16:04:47,344 - INFO - configure_fit: strategy sampled 2 clients (out of 2)
2026-03-10 16:04:47,346 - INFO - 
2026-03-10 16:04:47,346 - INFO - [RUN 0, ROUND ]
2026-03-10 16:04:47,346 - INFO - 
2026-03-10 16:04:47,346 - INFO - [RUN 0, ROUND ]
2026-03-10 16:04:47,346 - INFO - Received: train message 3846b68f-621b-49ca-b7ab-08f36efd1c77
2026-03-10 16:04:47,346 - INFO - Received: train message 848823d6-9e9b-4ebd-a39f-88b8d7fee9e5
2026-03-10 16:04:47,364 - INFO - Local training completed
2026-03-10 16:04:47,365 - INFO - Local training completed
2026-03-10 16:04:47,367 - INFO - hospital_b finished local training
2026-03-10 16:04:47,367 - INFO - hospital_a finished local training
2026-03-10 16:04:47,367 - INFO - Sent reply
2026-03-10 16:04:47,368 - INFO - Sent reply
2026-03-10 16:04:47,369 - INFO - aggregate_fit: received 2 results and 0 failures
2026-03-10 16:04:47,370 - INFO - Round 4 aggregation started
2026-03-10 16:04:47,371 - INFO - Aggregation completed
2026-03-10 16:04:47,371 - INFO - configure_evaluate: strategy sampled 2 clients (out of 2)
2026-03-10 16:04:47,373 - INFO - 
2026-03-10 16:04:47,373 - INFO - [RUN 0, ROUND ]
2026-03-10 16:04:47,373 - INFO - 
2026-03-10 16:04:47,373 - INFO - [RUN 0, ROUND ]
2026-03-10 16:04:47,373 - INFO - Received: evaluate message 69c4ee6b-7568-4c85-97ea-dfbdf1d9ae66
2026-03-10 16:04:47,373 - INFO - Received: evaluate message c766850f-904b-42b7-9920-1ac5c842cebc
2026-03-10 16:04:47,381 - INFO - Sent reply
2026-03-10 16:04:47,382 - INFO - Sent reply
2026-03-10 16:04:47,383 - INFO - aggregate_evaluate: received 2 results and 0 failures
2026-03-10 16:04:47,384 - INFO - 
2026-03-10 16:04:47,384 - INFO - [ROUND 5]
2026-03-10 16:04:47,384 - INFO - configure_fit: strategy sampled 2 clients (out of 2)
2026-03-10 16:04:47,386 - INFO - 
2026-03-10 16:04:47,386 - INFO - [RUN 0, ROUND ]
2026-03-10 16:04:47,386 - INFO - 
2026-03-10 16:04:47,386 - INFO - [RUN 0, ROUND ]
essage c293799c-774d-4377-b05e-e5b4e26734a3
2026-03-10 16:04:47,386 - INFO - Received: train message 11aa3445-6ea4-4e0c-8217-3c95bca45449
2026-03-10 16:04:47,404 - INFO - Local training completed
2026-03-10 16:04:47,406 - INFO - hospital_a finished local training
2026-03-10 16:04:47,406 - INFO - Local training completed
2026-03-10 16:04:47,407 - INFO - Sent reply
2026-03-10 16:04:47,408 - INFO - hospital_b finished local training
2026-03-10 16:04:47,409 - INFO - Sent reply
2026-03-10 16:04:47,409 - INFO - aggregate_fit: received 2 results and 0 failures
2026-03-10 16:04:47,410 - INFO - Round 5 aggregation started
2026-03-10 16:04:47,412 - INFO - Aggregation completed
2026-03-10 16:04:47,412 - INFO - configure_evaluate: strategy sampled 2 clients (out of 2)
2026-03-10 16:04:47,413 - INFO - 
2026-03-10 16:04:47,414 - INFO - 
2026-03-10 16:04:47,414 - INFO - [RUN 0, ROUND ]
2026-03-10 16:04:47,414 - INFO - [RUN 0, ROUND ]
2026-03-10 16:04:47,414 - INFO - Received: evaluate message ada0802c-e0d5-4352-ac63-90fb26c8559c
2026-03-10 16:04:47,414 - INFO - Received: evaluate message 52bed72a-70d5-464b-9aa2-048b73c5e912
2026-03-10 16:04:47,423 - INFO - Sent reply
2026-03-10 16:04:47,424 - INFO - Sent reply
2026-03-10 16:04:47,424 - INFO - aggregate_evaluate: received 2 results and 0 failures
2026-03-10 16:04:47,424 - INFO - 
2026-03-10 16:04:47,424 - INFO - [SUMMARY]
2026-03-10 16:04:47,424 - INFO - Run finished 5 rounds in 15.62s
2026-03-10 16:04:47,424 - INFO - History (loss, distributed):
2026-03-10 16:04:47,426 - INFO - 	('\tround 1: 8.545405430740185\n'
2026-03-10 16:04:47,426 - INFO - 	 '\tround 2: 4.920437646715828\n'
2026-03-10 16:04:47,426 - INFO - 	 '\tround 3: 1.5688313165407501\n'
2026-03-10 16:04:47,426 - INFO - 	 '\tround 4: 0.913514915477024\n'
2026-03-10 16:04:47,426 - INFO - 	 '\tround 5: 0.741414060753383\n')
2026-03-10 16:04:47,428 - INFO - 
2026-03-10 16:04:47,429 - INFO - 
2026-03-10 16:04:47,429 - INFO - [RUN 0, ROUND ]
2026-03-10 16:04:47,429 - INFO - 
ceived: reconnect message c4800283-0d8a-4137-b3fd-815dea65801c
2026-03-10 16:04:47,430 - INFO - [RUN 0, ROUND ]
2026-03-10 16:04:47,430 - INFO - Received: reconnect message 04216be8-297a-4849-b5c8-9d6d5bbcb649
2026-03-10 16:04:47,440 - DEBUG - gRPC channel closed
2026-03-10 16:04:47,440 - DEBUG - gRPC channel closed
2026-03-10 16:04:47,440 - INFO - Disconnect and shut down
2026-03-10 16:04:47,440 - INFO - Disconnect and shut down
2026-03-10 16:28:09,081 - INFO - Starting Federated Server
2026-03-10 16:28:09,081 - INFO - Starting Flower server, config: num_rounds=5, no round_timeout
2026-03-10 16:28:09,122 - INFO - Flower ECE: gRPC server running (5 rounds), SSL is disabled
2026-03-10 16:28:09,122 - INFO - [INIT]
2026-03-10 16:28:09,122 - INFO - Requesting initial parameters from one random client
2026-03-10 16:28:30,196 - INFO - hospital_a joined training
2026-03-10 16:28:30,196 - WARNING - DEPRECATED FEATURE: flwr.client.start_numpy_client() is deprecated. 
	Instead, use `flwr.client.start_client()` by ensuring you first call the `.to_client()` method as shown below: 
	flwr.client.start_client(
		server_address='<IP>:<PORT>',
		client=FlowerClient().to_client(), # <-- where FlowerClient is of type flwr.client.NumPyClient object
	)
	Using `start_numpy_client()` is deprecated.

            This is a deprecated feature. It will be removed
            entirely in future versions of Flower.
        
2026-03-10 16:28:30,208 - DEBUG - Opened insecure gRPC connection (no certificates were passed)
2026-03-10 16:28:30,211 - DEBUG - ChannelConnectivity.IDLE
2026-03-10 16:28:30,222 - DEBUG - ChannelConnectivity.CONNECTING
2026-03-10 16:28:30,223 - DEBUG - ChannelConnectivity.READY
2026-03-10 16:28:30,224 - INFO - 
2026-03-10 16:28:30,224 - INFO - [RUN 0, ROUND ]
2026-03-10 16:28:30,225 - INFO - Received: get_parameters message 42011015-d48d-445b-b23a-fa2d5d54c23f
2026-03-10 16:28:30,228 - INFO - Sent reply
2026-03-10 16:28:30,228 - INFO - Received initial parameters from one random client
2026-03-10 16:28:30,228 - INFO - Evaluating initial global parameters
2026-03-10 16:28:30,228 - INFO - 
2026-03-10 16:28:30,229 - INFO - [ROUND 1]
2026-03-10 16:28:44,084 - INFO - hospital_b joined training
2026-03-10 16:28:44,084 - WARNING - DEPRECATED FEATURE: flwr.client.start_numpy_client() is deprecated. 
	Instead, use `flwr.client.start_client()` by ensuring you first call the `.to_client()` method as shown below: 
	flwr.client.start_client(
		server_address='<IP>:<PORT>',
		client=FlowerClient().to_client(), # <-- where FlowerClient is of type flwr.client.NumPyClient object
	)
	Using `start_numpy_client()` is deprecated.

            This is a deprecated feature. It will be removed
            entirely in future versions of Flower.
        
2026-03-10 16:28:44,091 - DEBUG - Opened insecure gRPC connection (no certificates were passed)
2026-03-10 16:28:44,092 - DEBUG - ChannelConnectivity.IDLE
2026-03-10 16:28:44,092 - DEBUG - ChannelConnectivity.CONNECTING
2026-03-10 16:28:44,093 - DEBUG - ChannelConnectivity.READY
2026-03-10 16:28:44,093 - INFO - configure_fit: strategy sampled 2 clients (out of 2)
2026-03-10 16:28:44,095 - INFO - 
2026-03-10 16:28:44,095 - INFO - [RUN 0, ROUND ]
2026-03-10 16:28:44,095 - INFO - Received: train message 4ef590e4-6783-414c-8a6e-22f270a5bbb3
2026-03-10 16:28:44,095 - INFO - 
2026-03-10 16:28:44,096 - INFO - [RUN 0, ROUND ]
2026-03-10 16:28:44,096 - INFO - Received: train message 9ce24f48-8ee6-4bdc-b2b1-479b931095e0
2026-03-10 16:28:46,326 - INFO - Local training completed
2026-03-10 16:28:46,327 - INFO - Local training completed
2026-03-10 16:28:46,339 - INFO - hospital_b finished local training
2026-03-10 16:28:46,340 - INFO - Sent reply
2026-03-10 16:28:46,340 - INFO - Sent reply
2026-03-10 16:28:46,341 - INFO - aggregate_fit: received 2 results and 0 failures
2026-03-10 16:28:46,342 - INFO - Round 1 aggregation started
2026-03-10 16:28:46,345 - WARNING - No fit_metrics_aggregation_fn provided
2026-03-10 16:28:46,345 - INFO - Aggregation completed
2026-03-10 16:28:46,345 - INFO - configure_evaluate: strategy sampled 2 clients (out of 2)
2026-03-10 16:28:46,347 - INFO - 
2026-03-10 16:28:46,347 - INFO - [RUN 0, ROUND ]
2026-03-10 16:28:46,348 - INFO - Received: evaluate message 4cd8801e-ad5d-4cad-9721-71537a3abae9
2026-03-10 16:28:46,348 - INFO - 
2026-03-10 16:28:46,348 - INFO - [RUN 0, ROUND ]
2026-03-10 16:28:46,348 - INFO - Received: evaluate message b8e88ea2-8c6c-42f4-8634-848d36bfd21b
2026-03-10 16:28:46,363 - INFO - Sent reply
2026-03-10 16:28:46,364 - INFO - Sent reply
2026-03-10 16:28:46,365 - INFO - aggregate_evaluate: received 2 results and 0 failures
2026-03-10 16:28:46,365 - WARNING - No evaluate_metrics_aggregation_fn provided
2026-03-10 16:28:46,366 - INFO - 
2026-03-10 16:28:46,366 - INFO - [ROUND 2]
2026-03-10 16:28:46,366 - INFO - configure_fit: strategy sampled 2 clients (out of 2)
2026-03-10 16:28:46,368 - INFO - 
2026-03-10 16:28:46,368 - INFO - [RUN 0, ROUND ]
2026-03-10 16:28:46,368 - INFO - 
2026-03-10 16:28:46,368 - INFO - Received: train message 15723877-5776-4402-afff-a1e9ba73b59a
2026-03-10 16:28:46,368 - INFO - [RUN 0, ROUND ]
2026-03-10 16:28:46,368 - INFO - Received: train message 014e0696-86e6-4925-bc5f-3b48e84e8c33
2026-03-10 16:28:46,386 - INFO - Local training completed
2026-03-10 16:28:46,388 - INFO - hospital_b finished local training
2026-03-10 16:28:46,389 - INFO - Sent reply
2026-03-10 16:28:46,390 - INFO - Local training completed
2026-03-10 16:28:46,392 - INFO - hospital_a finished local training
2026-03-10 16:28:46,393 - INFO - Sent reply
2026-03-10 16:28:46,394 - INFO - aggregate_fit: received 2 results and 0 failures
2026-03-10 16:28:46,394 - INFO - Round 2 aggregation started
2026-03-10 16:28:46,396 - INFO - Aggregation completed
2026-03-10 16:28:46,396 - INFO - configure_evaluate: strategy sampled 2 clients (out of 2)
2026-03-10 16:28:46,398 - INFO - 
2026-03-10 16:28:46,398 - INFO - 
2026-03-10 16:28:46,398 - INFO - [RUN 0, ROUND ]
2026-03-10 16:28:46,399 - INFO - Received: evaluate message 33833c41-73b9-4f18-bf0d-d6036d6850f6
2026-03-10 16:28:46,399 - INFO - [RUN 0, ROUND ]
2026-03-10 16:28:46,399 - INFO - Received: evaluate message 4c0e736e-7db9-4fc1-b4b6-5ce58836ef02
2026-03-10 16:28:46,406 - INFO - Sent reply
2026-03-10 16:28:46,407 - INFO - Sent reply
2026-03-10 16:28:46,409 - INFO - aggregate_evaluate: received 2 results and 0 failures
2026-03-10 16:28:46,409 - INFO - 
2026-03-10 16:28:46,409 - INFO - [ROUND 3]
2026-03-10 16:28:46,409 - INFO - configure_fit: strategy sampled 2 clients (out of 2)
2026-03-10 16:28:46,410 - INFO - 
2026-03-10 16:28:46,411 - INFO - [RUN 0, ROUND ]
2026-03-10 16:28:46,411 - INFO - 
2026-03-10 16:28:46,411 - INFO - Received: train message ba4033da-9d80-4322-a9d6-70538706bf1d
2026-03-10 16:28:46,411 - INFO - [RUN 0, ROUND ]
2026-03-10 16:28:46,411 - INFO - Received: train message 0ec200f5-9a20-4845-8a80-c67e0383618f
2026-03-10 16:28:46,429 - INFO - Local training completed
2026-03-10 16:28:46,430 - INFO - Local training completed
2026-03-10 16:28:46,431 - INFO - hospital_b finished local training
2026-03-10 16:28:46,431 - INFO - hospital_a finished local training
2026-03-10 16:28:46,432 - INFO - Sent reply
2026-03-10 16:28:46,432 - INFO - Sent reply
2026-03-10 16:28:46,434 - INFO - aggregate_fit: received 2 results and 0 failures
2026-03-10 16:28:46,434 - INFO - Round 3 aggregation started
2026-03-10 16:28:46,437 - INFO - Aggregation completed
2026-03-10 16:28:46,437 - INFO - configure_evaluate: strategy sampled 2 clients (out of 2)
2026-03-10 16:28:46,439 - INFO - 
2026-03-10 16:28:46,439 - INFO - [RUN 0, ROUND ]
2026-03-10 16:28:46,439 - INFO - Received: evaluate message b68e20e8-eac2-4078-9275-195ffa827067
2026-03-10 16:28:46,440 - INFO - 
2026-03-10 16:28:46,440 - INFO - [RUN 0, ROUND ]
2026-03-10 16:28:46,440 - INFO - Received: evaluate message a684a315-afab-4307-a20b-cb5bd4f5958d
2026-03-10 16:28:46,448 - INFO - Sent reply
2026-03-10 16:28:46,449 - INFO - Sent reply
2026-03-10 16:28:46,449 - INFO - aggregate_evaluate: received 2 results and 0 failures
2026-03-10 16:28:46,450 - INFO - 
2026-03-10 16:28:46,450 - INFO - [ROUND 4]
2026-03-10 16:28:46,450 - INFO - configure_fit: strategy sampled 2 clients (out of 2)
2026-03-10 16:28:46,452 - INFO - 
2026-03-10 16:28:46,452 - INFO - [RUN 0, ROUND ]
2026-03-10 16:28:46,452 - INFO - Received: train message a28ba4bc-c262-465c-8182-d1f018cc3d20
2026-03-10 16:28:46,452 - INFO - 
2026-03-10 16:28:46,453 - INFO - [RUN 0, ROUND ]
2026-03-10 16:28:46,453 - INFO - Received: train message 92b13cd9-9cb5-4a8b-a6af-71f5ae5073c9
2026-03-10 16:28:46,472 - INFO - Local training completed
2026-03-10 16:28:46,474 - INFO - hospital_a finished local training
2026-03-10 16:28:46,474 - INFO - Local training completed
2026-03-10 16:28:46,474 - INFO - Sent reply
2026-03-10 16:28:46,476 - INFO - hospital_b finished local training
2026-03-10 16:28:46,477 - INFO - Sent reply
2026-03-10 16:28:46,478 - INFO - aggregate_fit: received 2 results and 0 failures
2026-03-10 16:28:46,478 - INFO - Round 4 aggregation started
2026-03-10 16:28:46,480 - INFO - Aggregation completed
2026-03-10 16:28:46,481 - INFO - configure_evaluate: strategy sampled 2 clients (out of 2)
2026-03-10 16:28:46,482 - INFO - 
2026-03-10 16:28:46,483 - INFO - [RUN 0, ROUND ]
2026-03-10 16:28:46,483 - INFO - 
2026-03-10 16:28:46,483 - INFO - Received: evaluate message 6308f7e4-7e46-4354-beb6-aa015aafae71
2026-03-10 16:28:46,483 - INFO - [RUN 0, ROUND ]
2026-03-10 16:28:46,483 - INFO - Received: evaluate message 64013143-f1c8-4f0d-ba1f-017704a1aeac
2026-03-10 16:28:46,491 - INFO - Sent reply
2026-03-10 16:28:46,493 - INFO - Sent reply
2026-03-10 16:28:46,494 - INFO - aggregate_evaluate: received 2 results and 0 failures
2026-03-10 16:28:46,495 - INFO - 
2026-03-10 16:28:46,495 - INFO - [ROUND 5]
2026-03-10 16:28:46,495 - INFO - configure_fit: strategy sampled 2 clients (out of 2)
2026-03-10 16:28:46,497 - INFO - 
2026-03-10 16:28:46,497 - INFO - [RUN 0, ROUND ]
2026-03-10 16:28:46,497 - INFO - 
2026-03-10 16:28:46,497 - INFO - Received: train message 124def09-c114-4d43-a557-208df3d07cb1
2026-03-10 16:28:46,497 - INFO - [RUN 0, ROUND ]
2026-03-10 16:28:46,497 - INFO - Received: train message 38883136-1932-44b6-a34b-a61345144b12
2026-03-10 16:28:46,513 - INFO - Local training completed
2026-03-10 16:28:46,514 - INFO - Local training completed
2026-03-10 16:28:46,516 - INFO - hospital_b finished local training
2026-03-10 16:28:46,516 - INFO - Sent reply
2026-03-10 16:28:46,516 - INFO - Sent reply
2026-03-10 16:28:46,518 - INFO - aggregate_fit: received 2 results and 0 failures
2026-03-10 16:28:46,518 - INFO - Round 5 aggregation started
2026-03-10 16:28:46,521 - INFO - Aggregation completed
2026-03-10 16:28:46,521 - INFO - configure_evaluate: strategy sampled 2 clients (out of 2)
2026-03-10 16:28:46,523 - INFO - 
2026-03-10 16:28:46,523 - INFO - [RUN 0, ROUND ]
2026-03-10 16:28:46,523 - INFO - [RUN 0, ROUND ]
2026-03-10 16:28:46,523 - INFO - Received: evaluate message dbb5bbea-c7a2-4199-8f79-bec37e1ce1ca
2026-03-10 16:28:46,525 - INFO - Received: evaluate message baa081c5-7e60-4016-97a7-714156d08edf
2026-03-10 16:28:46,533 - INFO - Sent reply
2026-03-10 16:28:46,533 - INFO - Sent reply
2026-03-10 16:28:46,535 - INFO - aggregate_evaluate: received 2 results and 0 failures
2026-03-10 16:28:46,535 - INFO - 
2026-03-10 16:28:46,536 - INFO - [SUMMARY]
2026-03-10 16:28:46,536 - INFO - Run finished 5 rounds in 16.31s
2026-03-10 16:28:46,536 - INFO - History (loss, distributed):
2026-03-10 16:28:46,538 - INFO - 	('\tround 1: 4.453688814398948\n'
2026-03-10 16:28:46,538 - INFO - 	 '\tround 2: 1.2336457351620278\n'
2026-03-10 16:28:46,538 - INFO - 	 '\tround 3: 1.0245978939399292\n'
2026-03-10 16:28:46,538 - INFO - 	 '\tround 4: 1.35197224643793\n'
2026-03-10 16:28:46,538 - INFO - 	 '\tround 5: 0.7598049587078308\n')
2026-03-10 16:28:46,538 - INFO - 
2026-03-10 16:28:46,540 - INFO - 
2026-03-10 16:28:46,540 - INFO - 
2026-03-10 16:28:46,540 - INFO - [RUN 0, ROUND ]
2026-03-10 16:28:46,540 - INFO - [RUN 0, ROUND ]
2026-03-10 16:28:46,540 - INFO - Received: reconnect message 5ba2210d-5cac-4980-b360-90c4c651db92
2026-03-10 16:28:46,540 - INFO - Received: reconnect message 44b4ee0e-cfb6-410d-b829-bf7c9bb7c1be
2026-03-10 16:28:46,556 - DEBUG - gRPC channel closed
2026-03-10 16:28:46,556 - DEBUG - gRPC channel closed
2026-03-10 16:28:46,556 - INFO - Disconnect and shut down
2026-03-10 16:28:46,556 - INFO - Disconnect and shut down
2026-03-10 17:04:47,043 - INFO - Starting Federated Server
2026-03-10 17:04:47,043 - INFO - Starting Flower server, config: num_rounds=5, no round_timeout
2026-03-10 17:04:47,058 - INFO - Flower ECE: gRPC server running (5 rounds), SSL is disabled
2026-03-10 17:04:47,058 - INFO - [INIT]
2026-03-10 17:04:47,058 - INFO - Requesting initial parameters from one random client
2026-03-10 17:05:55,497 - INFO - Starting Federated Server
2026-03-10 17:05:55,498 - INFO - Starting Flower server, config: num_rounds=5, no round_timeout
2026-03-10 17:05:55,520 - INFO - Flower ECE: gRPC server running (5 rounds), SSL is disabled
2026-03-10 17:05:55,520 - INFO - [INIT]
2026-03-10 17:05:55,521 - INFO - Requesting initial parameters from one random client
2026-03-10 17:06:41,510 - INFO - hospital_a joined training
2026-03-10 17:06:41,510 - WARNING - DEPRECATED FEATURE: flwr.client.start_numpy_client() is deprecated. 
	Instead, use `flwr.client.start_client()` by ensuring you first call the `.to_client()` method as shown below: 
	flwr.client.start_client(
		server_address='<IP>:<PORT>',
		client=FlowerClient().to_client(), # <-- where FlowerClient is of type flwr.client.NumPyClient object
	)
	Using `start_numpy_client()` is deprecated.

            This is a deprecated feature. It will be removed
            entirely in future versions of Flower.
        
2026-03-10 17:06:41,520 - DEBUG - Opened insecure gRPC connection (no certificates were passed)
2026-03-10 17:06:41,521 - DEBUG - ChannelConnectivity.IDLE
2026-03-10 17:06:41,522 - DEBUG - ChannelConnectivity.CONNECTING
2026-03-10 17:06:41,522 - DEBUG - ChannelConnectivity.READY
2026-03-10 17:06:41,526 - INFO - 
2026-03-10 17:06:41,526 - INFO - [RUN 0, ROUND ]
2026-03-10 17:06:41,526 - INFO - Received: get_parameters message 9d25fadc-368f-4634-853d-941bb4368daf
2026-03-10 17:06:41,528 - INFO - Sent reply
2026-03-10 17:06:41,544 - INFO - Received initial parameters from one random client
2026-03-10 17:06:41,544 - INFO - Evaluating initial global parameters
2026-03-10 17:06:41,544 - INFO - 
2026-03-10 17:06:41,544 - INFO - [ROUND 1]
2026-03-10 17:06:51,772 - INFO - hospital_a joined training
2026-03-10 17:06:51,772 - WARNING - DEPRECATED FEATURE: flwr.client.start_numpy_client() is deprecated. 
	Instead, use `flwr.client.start_client()` by ensuring you first call the `.to_client()` method as shown below: 
	flwr.client.start_client(
		server_address='<IP>:<PORT>',
		client=FlowerClient().to_client(), # <-- where FlowerClient is of type flwr.client.NumPyClient object
	)
	Using `start_numpy_client()` is deprecated.

            This is a deprecated feature. It will be removed
            entirely in future versions of Flower.
        
2026-03-10 17:06:51,788 - DEBUG - Opened insecure gRPC connection (no certificates were passed)
2026-03-10 17:06:51,788 - DEBUG - ChannelConnectivity.IDLE
2026-03-10 17:06:51,788 - DEBUG - ChannelConnectivity.CONNECTING
2026-03-10 17:06:51,790 - DEBUG - ChannelConnectivity.READY
2026-03-10 17:06:51,790 - INFO - configure_fit: strategy sampled 2 clients (out of 2)
2026-03-10 17:06:51,792 - INFO - 
2026-03-10 17:06:51,792 - INFO - [RUN 0, ROUND ]
2026-03-10 17:06:51,792 - INFO - Received: train message 21e43b52-ec45-4a0d-8ae7-cd673ff3935b
2026-03-10 17:06:51,793 - INFO - 
2026-03-10 17:06:51,793 - INFO - [RUN 0, ROUND ]
2026-03-10 17:06:51,793 - INFO - Received: train message 36560608-c634-4621-b8cc-c69a659f90b8
2026-03-10 17:06:53,180 - INFO - Local training completed
2026-03-10 17:06:53,181 - INFO - Local training completed
2026-03-10 17:06:53,186 - INFO - hospital_a finished local training
2026-03-10 17:06:53,186 - INFO - hospital_a finished local training
2026-03-10 17:06:53,187 - INFO - Sent reply
2026-03-10 17:06:53,187 - INFO - Sent reply
2026-03-10 17:06:53,188 - INFO - aggregate_fit: received 2 results and 0 failures
2026-03-10 17:06:53,189 - INFO - Round 1 aggregation started
2026-03-10 17:06:53,190 - WARNING - No fit_metrics_aggregation_fn provided
2026-03-10 17:06:53,190 - INFO - Aggregation completed
2026-03-10 17:06:53,191 - INFO - configure_evaluate: strategy sampled 2 clients (out of 2)
2026-03-10 17:06:53,192 - INFO - 
2026-03-10 17:06:53,192 - INFO - [RUN 0, ROUND ]
2026-03-10 17:06:53,192 - INFO - Received: evaluate message e804d509-7cb9-4973-b770-04952e9d8fa6
2026-03-10 17:06:53,193 - INFO - 
2026-03-10 17:06:53,193 - INFO - [RUN 0, ROUND ]
2026-03-10 17:06:53,193 - INFO - Received: evaluate message f7b0c2bc-fddd-4133-a1e4-80ec75f05445
2026-03-10 17:06:53,200 - INFO - Sent reply
2026-03-10 17:06:53,202 - INFO - Sent reply
2026-03-10 17:06:53,203 - INFO - aggregate_evaluate: received 2 results and 0 failures
2026-03-10 17:06:53,204 - WARNING - No evaluate_metrics_aggregation_fn provided
2026-03-10 17:06:53,204 - INFO - 
2026-03-10 17:06:53,204 - INFO - [ROUND 2]
2026-03-10 17:06:53,204 - INFO - configure_fit: strategy sampled 2 clients (out of 2)
2026-03-10 17:06:53,206 - INFO - 
2026-03-10 17:06:53,206 - INFO - 
2026-03-10 17:06:53,206 - INFO - [RUN 0, ROUND ]
2026-03-10 17:06:53,206 - INFO - [RUN 0, ROUND ]
essage a96baf5f-0b6d-4c12-a40e-d303b63a03f3
2026-03-10 17:06:53,207 - INFO - Received: train message 83b95076-e95c-48e9-8687-da5143e4fbe5
2026-03-10 17:06:53,223 - INFO - Local training completed
2026-03-10 17:06:53,223 - INFO - Local training completed
2026-03-10 17:06:53,229 - INFO - hospital_a finished local training
2026-03-10 17:06:53,229 - INFO - hospital_a finished local training
2026-03-10 17:06:53,229 - INFO - Sent reply
2026-03-10 17:06:53,229 - INFO - Sent reply
2026-03-10 17:06:53,231 - INFO - aggregate_fit: received 2 results and 0 failures
2026-03-10 17:06:53,232 - INFO - Round 2 aggregation started
2026-03-10 17:06:53,234 - INFO - Aggregation completed
2026-03-10 17:06:53,234 - INFO - configure_evaluate: strategy sampled 2 clients (out of 2)
2026-03-10 17:06:53,236 - INFO - 
2026-03-10 17:06:53,236 - INFO - 
2026-03-10 17:06:53,236 - INFO - [RUN 0, ROUND ]
2026-03-10 17:06:53,236 - INFO - [RUN 0, ROUND ]
2026-03-10 17:06:53,236 - INFO - Received: evaluate message c8bc722d-3457-4de4-b981-b6303b5328cd
2026-03-10 17:06:53,237 - INFO - Received: evaluate message 9b57a304-5a1d-4186-8601-9a536dc2e00e
2026-03-10 17:06:53,245 - INFO - Sent reply
2026-03-10 17:06:53,245 - INFO - Sent reply
2026-03-10 17:06:53,246 - INFO - aggregate_evaluate: received 2 results and 0 failures
2026-03-10 17:06:53,247 - INFO - 
2026-03-10 17:06:53,247 - INFO - [ROUND 3]
2026-03-10 17:06:53,247 - INFO - configure_fit: strategy sampled 2 clients (out of 2)
2026-03-10 17:06:53,249 - INFO - 
2026-03-10 17:06:53,249 - INFO - 
2026-03-10 17:06:53,249 - INFO - [RUN 0, ROUND ]
2026-03-10 17:06:53,249 - INFO - [RUN 0, ROUND ]
2026-03-10 17:06:53,250 - INFO - Received: train message 6ee2351c-ee6c-4d88-8419-e3579719e61c
2026-03-10 17:06:53,250 - INFO - Received: train message 7f3e4042-b4b8-4bb3-aeaf-c1ee5701048c
2026-03-10 17:06:53,266 - INFO - Local training completed
2026-03-10 17:06:53,268 - INFO - hospital_a finished local training
2026-03-10 17:06:53,269 - INFO - Local training completed
2026-03-10 17:06:53,269 - INFO - Sent reply
2026-03-10 17:06:53,271 - INFO - hospital_a finished local training
2026-03-10 17:06:53,271 - INFO - Sent reply
2026-03-10 17:06:53,273 - INFO - aggregate_fit: received 2 results and 0 failures
2026-03-10 17:06:53,273 - INFO - Round 3 aggregation started
2026-03-10 17:06:53,275 - INFO - Aggregation completed
2026-03-10 17:06:53,275 - INFO - configure_evaluate: strategy sampled 2 clients (out of 2)
2026-03-10 17:06:53,277 - INFO - 
2026-03-10 17:06:53,277 - INFO - [RUN 0, ROUND ]
2026-03-10 17:06:53,277 - INFO - 
2026-03-10 17:06:53,277 - INFO - Received: evaluate message 3693c00f-196c-4770-91bb-d946abf9427b
2026-03-10 17:06:53,277 - INFO - [RUN 0, ROUND ]
2026-03-10 17:06:53,278 - INFO - Received: evaluate message ed2b77df-e6cf-4870-8e4a-ca3d40d8514d
2026-03-10 17:06:53,286 - INFO - Sent reply
2026-03-10 17:06:53,288 - INFO - aggregate_evaluate: received 2 results and 0 failures
2026-03-10 17:06:53,288 - INFO - 
2026-03-10 17:06:53,288 - INFO - [ROUND 4]
2026-03-10 17:06:53,289 - INFO - configure_fit: strategy sampled 2 clients (out of 2)
2026-03-10 17:06:53,290 - INFO - 
2026-03-10 17:06:53,290 - INFO - [RUN 0, ROUND ]
2026-03-10 17:06:53,290 - INFO - 
2026-03-10 17:06:53,290 - INFO - Received: train message d371a626-9ca1-4cac-94ef-e14c8cb7a2d4
2026-03-10 17:06:53,290 - INFO - [RUN 0, ROUND ]
2026-03-10 17:06:53,291 - INFO - Received: train message eb2be64f-6ca4-49f9-89c8-05b16ef9bad3
2026-03-10 17:06:53,307 - INFO - Local training completed
2026-03-10 17:06:53,309 - INFO - hospital_a finished local training
2026-03-10 17:06:53,309 - INFO - Sent reply
2026-03-10 17:06:53,309 - INFO - Sent reply
2026-03-10 17:06:53,311 - INFO - aggregate_fit: received 2 results and 0 failures
2026-03-10 17:06:53,311 - INFO - Round 4 aggregation started
2026-03-10 17:06:53,313 - INFO - Aggregation completed
2026-03-10 17:06:53,314 - INFO - configure_evaluate: strategy sampled 2 clients (out of 2)
2026-03-10 17:06:53,315 - INFO - 
2026-03-10 17:06:53,315 - INFO - [RUN 0, ROUND ]
2026-03-10 17:06:53,316 - INFO - Received: evaluate message 8ec8ec3b-13ac-45a9-a048-130744545361
2026-03-10 17:06:53,316 - INFO - 
2026-03-10 17:06:53,316 - INFO - [RUN 0, ROUND ]
2026-03-10 17:06:53,316 - INFO - Received: evaluate message 2e514ce0-1fbb-41cd-9243-4ef76b059115
2026-03-10 17:06:53,324 - INFO - Sent reply
2026-03-10 17:06:53,324 - INFO - Sent reply
2026-03-10 17:06:53,325 - INFO - aggregate_evaluate: received 2 results and 0 failures
2026-03-10 17:06:53,326 - INFO - 
2026-03-10 17:06:53,326 - INFO - [ROUND 5]
2026-03-10 17:06:53,326 - INFO - configure_fit: strategy sampled 2 clients (out of 2)
2026-03-10 17:06:53,327 - INFO - 
2026-03-10 17:06:53,328 - INFO - [RUN 0, ROUND ]
2026-03-10 17:06:53,328 - INFO - 
2026-03-10 17:06:53,328 - INFO - Received: train message 9212de35-bc2d-4846-bdf0-180a8d76e49c
2026-03-10 17:06:53,328 - INFO - [RUN 0, ROUND ]
2026-03-10 17:06:53,328 - INFO - Received: train message b6305632-851e-491b-a9bc-dfca49e066ab
2026-03-10 17:06:53,346 - INFO - Local training completed
2026-03-10 17:06:53,347 - INFO - Local training completed
2026-03-10 17:06:53,348 - INFO - hospital_a finished local training
2026-03-10 17:06:53,349 - INFO - hospital_a finished local training
2026-03-10 17:06:53,349 - INFO - Sent reply
2026-03-10 17:06:53,350 - INFO - Sent reply
2026-03-10 17:06:53,351 - INFO - aggregate_fit: received 2 results and 0 failures
2026-03-10 17:06:53,351 - INFO - Round 5 aggregation started
2026-03-10 17:06:53,353 - INFO - Aggregation completed
2026-03-10 17:06:53,353 - INFO - configure_evaluate: strategy sampled 2 clients (out of 2)
2026-03-10 17:06:53,355 - INFO - 
2026-03-10 17:06:53,355 - INFO - [RUN 0, ROUND ]
2026-03-10 17:06:53,355 - INFO - 
2026-03-10 17:06:53,355 - INFO - Received: evaluate message 5845f5f1-3100-4cb4-9535-b773b2daa913
2026-03-10 17:06:53,355 - INFO - [RUN 0, ROUND ]
2026-03-10 17:06:53,355 - INFO - Received: evaluate message dc6ba1d7-4335-44d5-9ffd-bde50d513f2b
2026-03-10 17:06:53,363 - INFO - Sent reply
2026-03-10 17:06:53,363 - INFO - Sent reply
2026-03-10 17:06:53,364 - INFO - aggregate_evaluate: received 2 results and 0 failures
2026-03-10 17:06:53,365 - INFO - 
2026-03-10 17:06:53,365 - INFO - [SUMMARY]
2026-03-10 17:06:53,365 - INFO - Run finished 5 rounds in 11.82s
2026-03-10 17:06:53,365 - INFO - History (loss, distributed):
2026-03-10 17:06:53,366 - INFO - 	('\tround 1: 4.576589584350586\n'
2026-03-10 17:06:53,366 - INFO - 	 '\tround 2: 1.6256152987480164\n'
2026-03-10 17:06:53,366 - INFO - 	 '\tround 3: 0.4084043949842453\n'
2026-03-10 17:06:53,366 - INFO - 	 '\tround 4: 0.3079054057598114\n'
2026-03-10 17:06:53,367 - INFO - 	 '\tround 5: 0.3613912761211395\n')
2026-03-10 17:06:53,367 - INFO - 
2026-03-10 17:06:53,368 - INFO - 
2026-03-10 17:06:53,369 - INFO - [RUN 0, ROUND ]
2026-03-10 17:06:53,369 - INFO - 
2026-03-10 17:06:53,369 - INFO - Received: reconnect message 2d9b58ed-fc1b-49cb-9d93-2052dcb64f8a
2026-03-10 17:06:53,369 - INFO - [RUN 0, ROUND ]
2026-03-10 17:06:53,369 - INFO - Received: reconnect message a9a09826-1b37-41c5-92f1-cb6cb17bb4bb
2026-03-10 17:06:53,371 - DEBUG - gRPC channel closed
2026-03-10 17:06:53,372 - INFO - Disconnect and shut down
2026-03-10 17:06:53,372 - INFO - Disconnect and shut down
